# JRE version: Java(TM) SE Runtime Environment (8.0_144-b01) (build 1.8.0_144-b01)
# Java VM: Java HotSpot(TM) 64-Bit Server VM (25.144-b01 mixed mode bsd-amd64 compressed oops)
Heap:
 PSYoungGen      total 51200K, used 1788K [0x0000000715580000, 0x0000000719580000, 0x00000007c0000000)
  eden space 38912K, 4% used [0x0000000715580000,0x000000071573f398,0x0000000717b80000)
  from space 12288K, 0% used [0x0000000718980000,0x0000000718980000,0x0000000719580000)
  to   space 13312K, 0% used [0x0000000717b80000,0x0000000717b80000,0x0000000718880000)
 ParOldGen       total 203264K, used 12973K [0x00000005c0000000, 0x00000005cc680000, 0x0000000715580000)
  object space 203264K, 6% used [0x00000005c0000000,0x00000005c0cab7f0,0x00000005cc680000)
 Metaspace       used 27120K, capacity 27896K, committed 28032K, reserved 1073152K
  class space    used 3493K, capacity 3706K, committed 3712K, reserved 1048576K
GC Heap History (10 events):
Event: 3385.203 GC heap before
{Heap before GC invocations=118 (full 19):
 PSYoungGen      total 46592K, used 30924K [0x0000000715580000, 0x0000000719280000, 0x00000007c0000000)
  eden space 30720K, 99% used [0x0000000715580000,0x000000071737b3c0,0x0000000717380000)
  from space 15872K, 1% used [0x0000000718300000,0x0000000718338000,0x0000000719280000)
  to   space 15872K, 0% used [0x0000000717380000,0x0000000717380000,0x0000000718300000)
 ParOldGen       total 190464K, used 134191K [0x00000005c0000000, 0x00000005cba00000, 0x0000000715580000)
  object space 190464K, 70% used [0x00000005c0000000,0x00000005c830bf38,0x00000005cba00000)
 Metaspace       used 27101K, capacity 27892K, committed 28032K, reserved 1073152K
  class space    used 3493K, capacity 3706K, committed 3712K, reserved 1048576K
Event: 3385.210 GC heap after
Heap after GC invocations=118 (full 19):
 PSYoungGen      total 46592K, used 2623K [0x0000000715580000, 0x0000000719500000, 0x00000007c0000000)
  eden space 30720K, 0% used [0x0000000715580000,0x0000000715580000,0x0000000717380000)
  from space 15872K, 16% used [0x0000000717380000,0x000000071760fe20,0x0000000718300000)
  to   space 14848K, 0% used [0x0000000718680000,0x0000000718680000,0x0000000719500000)
 ParOldGen       total 190464K, used 134191K [0x00000005c0000000, 0x00000005cba00000, 0x0000000715580000)
  object space 190464K, 70% used [0x00000005c0000000,0x00000005c830bf38,0x00000005cba00000)
 Metaspace       used 27101K, capacity 27892K, committed 28032K, reserved 1073152K
  class space    used 3493K, capacity 3706K, committed 3712K, reserved 1048576K
}
Event: 3385.768 GC heap before
{Heap before GC invocations=119 (full 19):
 PSYoungGen      total 46592K, used 31986K [0x0000000715580000, 0x0000000719500000, 0x00000007c0000000)
  eden space 30720K, 95% used [0x0000000715580000,0x000000071722cce8,0x0000000717380000)
  from space 15872K, 16% used [0x0000000717380000,0x000000071760fe20,0x0000000718300000)
  to   space 14848K, 0% used [0x0000000718680000,0x0000000718680000,0x0000000719500000)
 ParOldGen       total 190464K, used 134191K [0x00000005c0000000, 0x00000005cba00000, 0x0000000715580000)
  object space 190464K, 70% used [0x00000005c0000000,0x00000005c830bf38,0x00000005cba00000)
 Metaspace       used 27101K, capacity 27892K, committed 28032K, reserved 1073152K
  class space    used 3493K, capacity 3706K, committed 3712K, reserved 1048576K
Event: 3385.772 GC heap after
Heap after GC invocations=119 (full 19):
 PSYoungGen      total 48128K, used 224K [0x0000000715580000, 0x0000000719380000, 0x00000007c0000000)
  eden space 34816K, 0% used [0x0000000715580000,0x0000000715580000,0x0000000717780000)
  from space 13312K, 1% used [0x0000000718680000,0x00000007186b8000,0x0000000719380000)
  to   space 14336K, 0% used [0x0000000717780000,0x0000000717780000,0x0000000718580000)
 ParOldGen       total 190464K, used 134191K [0x00000005c0000000, 0x00000005cba00000, 0x0000000715580000)
  object space 190464K, 70% used [0x00000005c0000000,0x00000005c830bf38,0x00000005cba00000)
 Metaspace       used 27101K, capacity 27892K, committed 28032K, reserved 1073152K
  class space    used 3493K, capacity 3706K, committed 3712K, reserved 1048576K
}
Event: 4286.871 GC heap before
{Heap before GC invocations=120 (full 19):
 PSYoungGen      total 48128K, used 29718K [0x0000000715580000, 0x0000000719380000, 0x00000007c0000000)
  eden space 34816K, 84% used [0x0000000715580000,0x000000071724d960,0x0000000717780000)
  from space 13312K, 1% used [0x0000000718680000,0x00000007186b8000,0x0000000719380000)
  to   space 14336K, 0% used [0x0000000717780000,0x0000000717780000,0x0000000718580000)
 ParOldGen       total 190464K, used 134191K [0x00000005c0000000, 0x00000005cba00000, 0x0000000715580000)
  object space 190464K, 70% used [0x00000005c0000000,0x00000005c830bf38,0x00000005cba00000)
 Metaspace       used 27102K, capacity 27892K, committed 28032K, reserved 1073152K
  class space    used 3493K, capacity 3706K, committed 3712K, reserved 1048576K
Event: 4286.917 GC heap after
Heap after GC invocations=120 (full 19):
 PSYoungGen      total 49152K, used 988K [0x0000000715580000, 0x0000000719700000, 0x00000007c0000000)
  eden space 34816K, 0% used [0x0000000715580000,0x0000000715580000,0x0000000717780000)
  from space 14336K, 6% used [0x0000000717780000,0x0000000717877398,0x0000000718580000)
  to   space 13824K, 0% used [0x0000000718980000,0x0000000718980000,0x0000000719700000)
 ParOldGen       total 190464K, used 134191K [0x00000005c0000000, 0x00000005cba00000, 0x0000000715580000)
  object space 190464K, 70% used [0x00000005c0000000,0x00000005c830bf38,0x00000005cba00000)
 Metaspace       used 27102K, capacity 27892K, committed 28032K, reserved 1073152K
  class space    used 3493K, capacity 3706K, committed 3712K, reserved 1048576K
}
Event: 4287.396 GC heap before
{Heap before GC invocations=121 (full 19):
 PSYoungGen      total 49152K, used 35804K [0x0000000715580000, 0x0000000719700000, 0x00000007c0000000)
  eden space 34816K, 100% used [0x0000000715580000,0x0000000717780000,0x0000000717780000)
  from space 14336K, 6% used [0x0000000717780000,0x0000000717877398,0x0000000718580000)
  to   space 13824K, 0% used [0x0000000718980000,0x0000000718980000,0x0000000719700000)
 ParOldGen       total 190464K, used 155513K [0x00000005c0000000, 0x00000005cba00000, 0x0000000715580000)
  object space 190464K, 81% used [0x00000005c0000000,0x00000005c97de748,0x00000005cba00000)
 Metaspace       used 27104K, capacity 27892K, committed 28032K, reserved 1073152K
  class space    used 3493K, capacity 3706K, committed 3712K, reserved 1048576K
Event: 4287.401 GC heap after
Heap after GC invocations=121 (full 19):
 PSYoungGen      total 51200K, used 1533K [0x0000000715580000, 0x0000000719580000, 0x00000007c0000000)
  eden space 38912K, 0% used [0x0000000715580000,0x0000000715580000,0x0000000717b80000)
  from space 12288K, 12% used [0x0000000718980000,0x0000000718aff550,0x0000000719580000)
  to   space 13312K, 0% used [0x0000000717b80000,0x0000000717b80000,0x0000000718880000)
 ParOldGen       total 190464K, used 155553K [0x00000005c0000000, 0x00000005cba00000, 0x0000000715580000)
  object space 190464K, 81% used [0x00000005c0000000,0x00000005c97e8748,0x00000005cba00000)
 Metaspace       used 27104K, capacity 27892K, committed 28032K, reserved 1073152K
  class space    used 3493K, capacity 3706K, committed 3712K, reserved 1048576K
}
Event: 4291.027 GC heap before
{Heap before GC invocations=122 (full 20):
 PSYoungGen      total 51200K, used 40099K [0x0000000715580000, 0x0000000719580000, 0x00000007c0000000)
  eden space 38912K, 99% used [0x0000000715580000,0x0000000717b29a00,0x0000000717b80000)
  from space 12288K, 12% used [0x0000000718980000,0x0000000718aff550,0x0000000719580000)
  to   space 13312K, 0% used [0x0000000717b80000,0x0000000717b80000,0x0000000718880000)
 ParOldGen       total 256512K, used 244235K [0x00000005c0000000, 0x00000005cfa80000, 0x0000000715580000)
  object space 256512K, 95% used [0x00000005c0000000,0x00000005cee82f28,0x00000005cfa80000)
 Metaspace       used 27120K, capacity 27896K, committed 28032K, reserved 1073152K
  class space    used 3493K, capacity 3706K, committed 3712K, reserved 1048576K
Event: 4291.264 GC heap after
Heap after GC invocations=122 (full 20):
 PSYoungGen      total 51200K, used 0K [0x0000000715580000, 0x0000000719580000, 0x00000007c0000000)
  eden space 38912K, 0% used [0x0000000715580000,0x0000000715580000,0x0000000717b80000)
  from space 12288K, 0% used [0x0000000718980000,0x0000000718980000,0x0000000719580000)
  to   space 13312K, 0% used [0x0000000717b80000,0x0000000717b80000,0x0000000718880000)
 ParOldGen       total 203264K, used 12973K [0x00000005c0000000, 0x00000005cc680000, 0x0000000715580000)
  object space 203264K, 6% used [0x00000005c0000000,0x00000005c0cab7f0,0x00000005cc680000)
 Metaspace       used 27120K, capacity 27896K, committed 28032K, reserved 1073152K
  class space    used 3493K, capacity 3706K, committed 3712K, reserved 1048576K
}

